# JRE version: OpenJDK Runtime Environment (22.0.1+8) (build 22.0.1+8-16)
# Java VM: OpenJDK 64-Bit Server VM (22.0.1+8-16, mixed mode, sharing, tiered, compressed oops, compressed class ptrs, g1 gc, windows-amd64)
GC Precious Log:
 CardTable entry size: 512
 Card Set container configuration: InlinePtr #cards 5 size 8 Array Of Cards #cards 12 size 40 Howl #buckets 4 coarsen threshold 1843 Howl Bitmap #cards 512 size 80 coarsen threshold 460 Card regions per heap region 1 cards per card region 2048
 CPUs: 4 total, 4 available
 Memory: 8073M
 Large Page Support: Disabled
 NUMA Support: Disabled
 Compressed Oops: Enabled (32-bit)
 Heap Region Size: 1M
 Heap Min Capacity: 8M
 Heap Initial Capacity: 128M
 Heap Max Capacity: 2020M
 Pre-touch: Disabled
 Parallel Workers: 4
 Concurrent Workers: 1
 Concurrent Refinement Workers: 4
 Periodic GC: Disabled
Heap:
 garbage-first heap   total reserved 2068480K, committed 63488K, used 52958K [0x0000000081c00000, 0x0000000100000000)
  region size 1024K, 23 young (23552K), 2 survivors (2048K)
 Metaspace       used 81190K, committed 81920K, reserved 1179648K
  class space    used 10639K, committed 11072K, reserved 1048576K
GC Heap History (20 events):
Event: 2760.486 GC heap before
{Heap before GC invocations=24 (full 0):
 garbage-first heap   total reserved 2068480K, committed 63488K, used 54211K [0x0000000081c00000, 0x0000000100000000)
  region size 1024K, 19 young (19456K), 2 survivors (2048K)
 Metaspace       used 79479K, committed 80448K, reserved 1179648K
  class space    used 10641K, committed 11072K, reserved 1048576K
}
Event: 2760.491 GC heap after
{Heap after GC invocations=25 (full 0):
 garbage-first heap   total reserved 2068480K, committed 63488K, used 36770K [0x0000000081c00000, 0x0000000100000000)
  region size 1024K, 2 young (2048K), 2 survivors (2048K)
 Metaspace       used 79479K, committed 80448K, reserved 1179648K
  class space    used 10641K, committed 11072K, reserved 1048576K
}
Event: 2763.323 GC heap before
{Heap before GC invocations=25 (full 0):
 garbage-first heap   total reserved 2068480K, committed 63488K, used 56226K [0x0000000081c00000, 0x0000000100000000)
  region size 1024K, 21 young (21504K), 2 survivors (2048K)
 Metaspace       used 80838K, committed 81536K, reserved 1179648K
  class space    used 10642K, committed 11072K, reserved 1048576K
}
Event: 2763.336 GC heap after
{Heap after GC invocations=26 (full 0):
 garbage-first heap   total reserved 2068480K, committed 63488K, used 33578K [0x0000000081c00000, 0x0000000100000000)
  region size 1024K, 2 young (2048K), 2 survivors (2048K)
 Metaspace       used 80838K, committed 81536K, reserved 1179648K
  class space    used 10642K, committed 11072K, reserved 1048576K
}
Event: 2766.490 GC heap before
{Heap before GC invocations=26 (full 0):
 garbage-first heap   total reserved 2068480K, committed 63488K, used 56106K [0x0000000081c00000, 0x0000000100000000)
  region size 1024K, 24 young (24576K), 2 survivors (2048K)
 Metaspace       used 80899K, committed 81600K, reserved 1179648K
  class space    used 10642K, committed 11072K, reserved 1048576K
}
Event: 2766.495 GC heap after
{Heap after GC invocations=27 (full 0):
 garbage-first heap   total reserved 2068480K, committed 63488K, used 33584K [0x0000000081c00000, 0x0000000100000000)
  region size 1024K, 2 young (2048K), 2 survivors (2048K)
 Metaspace       used 80899K, committed 81600K, reserved 1179648K
  class space    used 10642K, committed 11072K, reserved 1048576K
}
Event: 2769.508 GC heap before
{Heap before GC invocations=28 (full 0):
 garbage-first heap   total reserved 2068480K, committed 63488K, used 56112K [0x0000000081c00000, 0x0000000100000000)
  region size 1024K, 24 young (24576K), 2 survivors (2048K)
 Metaspace       used 80991K, committed 81664K, reserved 1179648K
  class space    used 10638K, committed 11072K, reserved 1048576K
}
Event: 2769.517 GC heap after
{Heap after GC invocations=29 (full 0):
 garbage-first heap   total reserved 2068480K, committed 63488K, used 33711K [0x0000000081c00000, 0x0000000100000000)
  region size 1024K, 2 young (2048K), 2 survivors (2048K)
 Metaspace       used 80991K, committed 81664K, reserved 1179648K
  class space    used 10638K, committed 11072K, reserved 1048576K
}
Event: 2772.333 GC heap before
{Heap before GC invocations=29 (full 0):
 garbage-first heap   total reserved 2068480K, committed 63488K, used 56239K [0x0000000081c00000, 0x0000000100000000)
  region size 1024K, 24 young (24576K), 2 survivors (2048K)
 Metaspace       used 81087K, committed 81792K, reserved 1179648K
  class space    used 10638K, committed 11072K, reserved 1048576K
}
Event: 2772.343 GC heap after
{Heap after GC invocations=30 (full 0):
 garbage-first heap   total reserved 2068480K, committed 63488K, used 33113K [0x0000000081c00000, 0x0000000100000000)
  region size 1024K, 2 young (2048K), 2 survivors (2048K)
 Metaspace       used 81087K, committed 81792K, reserved 1179648K
  class space    used 10638K, committed 11072K, reserved 1048576K
}
Event: 2775.206 GC heap before
{Heap before GC invocations=30 (full 0):
 garbage-first heap   total reserved 2068480K, committed 63488K, used 56665K [0x0000000081c00000, 0x0000000100000000)
  region size 1024K, 25 young (25600K), 2 survivors (2048K)
 Metaspace       used 81137K, committed 81920K, reserved 1179648K
  class space    used 10638K, committed 11072K, reserved 1048576K
}
Event: 2775.210 GC heap after
{Heap after GC invocations=31 (full 0):
 garbage-first heap   total reserved 2068480K, committed 63488K, used 33126K [0x0000000081c00000, 0x0000000100000000)
  region size 1024K, 2 young (2048K), 2 survivors (2048K)
 Metaspace       used 81137K, committed 81920K, reserved 1179648K
  class space    used 10638K, committed 11072K, reserved 1048576K
}
Event: 2777.608 GC heap before
{Heap before GC invocations=32 (full 0):
 garbage-first heap   total reserved 2068480K, committed 63488K, used 56678K [0x0000000081c00000, 0x0000000100000000)
  region size 1024K, 25 young (25600K), 2 survivors (2048K)
 Metaspace       used 81157K, committed 81920K, reserved 1179648K
  class space    used 10638K, committed 11072K, reserved 1048576K
}
Event: 2777.611 GC heap after
{Heap after GC invocations=33 (full 0):
 garbage-first heap   total reserved 2068480K, committed 63488K, used 33162K [0x0000000081c00000, 0x0000000100000000)
  region size 1024K, 2 young (2048K), 2 survivors (2048K)
 Metaspace       used 81157K, committed 81920K, reserved 1179648K
  class space    used 10638K, committed 11072K, reserved 1048576K
}
Event: 2779.919 GC heap before
{Heap before GC invocations=33 (full 0):
 garbage-first heap   total reserved 2068480K, committed 63488K, used 56714K [0x0000000081c00000, 0x0000000100000000)
  region size 1024K, 25 young (25600K), 2 survivors (2048K)
 Metaspace       used 81168K, committed 81920K, reserved 1179648K
  class space    used 10639K, committed 11072K, reserved 1048576K
}
Event: 2779.927 GC heap after
{Heap after GC invocations=34 (full 0):
 garbage-first heap   total reserved 2068480K, committed 63488K, used 32522K [0x0000000081c00000, 0x0000000100000000)
  region size 1024K, 2 young (2048K), 2 survivors (2048K)
 Metaspace       used 81168K, committed 81920K, reserved 1179648K
  class space    used 10639K, committed 11072K, reserved 1048576K
}
Event: 2782.382 GC heap before
{Heap before GC invocations=34 (full 0):
 garbage-first heap   total reserved 2068480K, committed 63488K, used 56074K [0x0000000081c00000, 0x0000000100000000)
  region size 1024K, 25 young (25600K), 2 survivors (2048K)
 Metaspace       used 81190K, committed 81920K, reserved 1179648K
  class space    used 10639K, committed 11072K, reserved 1048576K
}
Event: 2782.386 GC heap after
{Heap after GC invocations=35 (full 0):
 garbage-first heap   total reserved 2068480K, committed 63488K, used 32532K [0x0000000081c00000, 0x0000000100000000)
  region size 1024K, 2 young (2048K), 2 survivors (2048K)
 Metaspace       used 81190K, committed 81920K, reserved 1179648K
  class space    used 10639K, committed 11072K, reserved 1048576K
}
Event: 2785.681 GC heap before
{Heap before GC invocations=36 (full 0):
 garbage-first heap   total reserved 2068480K, committed 63488K, used 56084K [0x0000000081c00000, 0x0000000100000000)
  region size 1024K, 25 young (25600K), 2 survivors (2048K)
 Metaspace       used 81190K, committed 81920K, reserved 1179648K
  class space    used 10639K, committed 11072K, reserved 1048576K
}
Event: 2785.684 GC heap after
{Heap after GC invocations=37 (full 0):
 garbage-first heap   total reserved 2068480K, committed 63488K, used 32478K [0x0000000081c00000, 0x0000000100000000)
  region size 1024K, 2 young (2048K), 2 survivors (2048K)
 Metaspace       used 81190K, committed 81920K, reserved 1179648K
  class space    used 10639K, committed 11072K, reserved 1048576K
}

